trunk/MedicFind/app/build/outputs/apk/manifest-merger-debug-report.txt
-- Merging decision tree log ---
manifest
ADDED from AndroidManifest.xml:2:1
	xmlns:android
		ADDED from AndroidManifest.xml:2:11
	package
		ADDED from AndroidManifest.xml:3:5
		INJECTED from AndroidManifest.xml:0:0
		INJECTED from AndroidManifest.xml:0:0
	android:versionName
		INJECTED from AndroidManifest.xml:0:0
		INJECTED from AndroidManifest.xml:0:0
	android:versionCode
		INJECTED from AndroidManifest.xml:0:0
		INJECTED from AndroidManifest.xml:0:0
uses-permission#android.permission.INTERNET
ADDED from AndroidManifest.xml:5:5
	android:name
		ADDED from AndroidManifest.xml:5:22
uses-permission#android.permission.ACCESS_NETWORK_STATE
ADDED from AndroidManifest.xml:6:5
	android:name
		ADDED from AndroidManifest.xml:6:22
uses-permission#android.permission.WRITE_EXTERNAL_STORAGE
ADDED from AndroidManifest.xml:7:5
	android:name
		ADDED from AndroidManifest.xml:7:22
uses-permission#com.google.android.providers.gsf.permission.READ_GSERVICES
ADDED from AndroidManifest.xml:8:5
	android:name
		ADDED from AndroidManifest.xml:8:22
permission#com.ks.googleplaceapidemo.permission.MAPS_RECEIVE
ADDED from AndroidManifest.xml:9:5
	android:protectionLevel
		ADDED from AndroidManifest.xml:11:9
	android:name
		ADDED from AndroidManifest.xml:10:9
uses-permission#com.ks.googleplaceapidemo.permission.MAPS_RECEIVE
ADDED from AndroidManifest.xml:13:5
	android:name
		ADDED from AndroidManifest.xml:13:22
uses-permission#android.permission.ACCESS_COARSE_LOCATION
ADDED from AndroidManifest.xml:18:5
	android:name
		ADDED from AndroidManifest.xml:18:22
uses-permission#android.permission.ACCESS_FINE_LOCATION
ADDED from AndroidManifest.xml:19:5
	android:name
		ADDED from AndroidManifest.xml:19:22
uses-feature#android.hardware.camera
ADDED from AndroidManifest.xml:20:5
	android:name
		ADDED from AndroidManifest.xml:20:19
uses-feature#android.hardware.location
ADDED from AndroidManifest.xml:21:5
	android:required
		ADDED from AndroidManifest.xml:21:60
	android:name
		ADDED from AndroidManifest.xml:21:19
uses-feature#android.hardware.location.gps
ADDED from AndroidManifest.xml:22:5
	android:required
		ADDED from AndroidManifest.xml:22:64
	android:name
		ADDED from AndroidManifest.xml:22:19
uses-sdk
ADDED from AndroidManifest.xml:24:5
MERGED from com.android.support:appcompat-v7:21.0.3:15:5
MERGED from com.android.support:support-v4:21.0.3:15:5
MERGED from com.google.android.gms:play-services:6.5.87:18:5
MERGED from com.android.support:support-v4:21.0.3:15:5
	android:targetSdkVersion
		ADDED from AndroidManifest.xml:26:9
		INJECTED from AndroidManifest.xml:0:0
		INJECTED from AndroidManifest.xml:0:0
	android:minSdkVersion
		ADDED from AndroidManifest.xml:25:9
		INJECTED from AndroidManifest.xml:0:0
		INJECTED from AndroidManifest.xml:0:0
uses-feature#0x00020000
ADDED from AndroidManifest.xml:28:5
	android:required
		ADDED from AndroidManifest.xml:30:9
	android:glEsVersion
		ADDED from AndroidManifest.xml:29:9
application
ADDED from AndroidManifest.xml:32:5
MERGED from com.android.support:appcompat-v7:21.0.3:16:5
MERGED from com.android.support:support-v4:21.0.3:16:5
MERGED from com.google.android.gms:play-services:6.5.87:20:5
MERGED from com.android.support:support-v4:21.0.3:16:5
	android:label
		ADDED from AndroidManifest.xml:35:9
	android:allowBackup
		ADDED from AndroidManifest.xml:33:9
	android:icon
		ADDED from AndroidManifest.xml:34:9
	android:theme
		ADDED from AndroidManifest.xml:36:9
	android:allowClearUserData
		ADDED from AndroidManifest.xml:37:9
meta-data#com.google.android.gms.version
ADDED from AndroidManifest.xml:40:9
MERGED from com.google.android.gms:play-services:6.5.87:21:9
	android:name
		ADDED from AndroidManifest.xml:41:13
	android:value
		ADDED from AndroidManifest.xml:42:13
meta-data#com.google.android.maps.v2.API_KEY
ADDED from AndroidManifest.xml:43:9
	android:name
		ADDED from AndroidManifest.xml:44:13
	android:value
		ADDED from AndroidManifest.xml:45:13
activity#com.allexceedvn.medicfind.MapsActivity
ADDED from AndroidManifest.xml:47:9
	android:label
		ADDED from AndroidManifest.xml:49:13
	android:name
		ADDED from AndroidManifest.xml:48:13
intent-filter#android.intent.action.MAIN+android.intent.category.LAUNCHER
ADDED from AndroidManifest.xml:50:13
action#android.intent.action.MAIN
ADDED from AndroidManifest.xml:51:17
	android:name
		ADDED from AndroidManifest.xml:51:25
category#android.intent.category.LAUNCHER
ADDED from AndroidManifest.xml:53:17
	android:name
		ADDED from AndroidManifest.xml:53:27